<?xml version="1.0" encoding="UTF-8"?>
<!-- Generated by org.testng.reporters.JUnitReportReporter -->
<testsuite hostname="LTIN646118" failures="0" tests="1" name="testCases.TestNgExample" time="5.405" errors="0" timestamp="2025-08-11T13:44:09 IST" skipped="0">
  <testcase classname="testCases.TestNgExample" name="testCase1" time="5.405"/>
</testsuite> <!-- testCases.TestNgExample -->
