<?xml version="1.0" encoding="UTF-8"?>
<!-- Generated by org.testng.reporters.JUnitReportReporter -->
<testsuite hostname="LTIN646118" failures="0" tests="1" name="testCases.Validation" time="18.190" errors="0" timestamp="2025-08-19T16:14:03 IST" skipped="0">
  <testcase classname="testCases.Validation" name="testcase" time="18.190"/>
</testsuite> <!-- testCases.Validation -->
